<?xml version="1.0" encoding="UTF-8"?>
<!-- Generated by org.testng.reporters.JUnitXMLReporter -->
<testsuite ignored="0" hostname="LAPTOP-O6ECEAOP" failures="2" tests="18" name="Test" time="706.863" errors="0" timestamp="2025-07-10T13:26:07 IST">
  <testcase classname="TestClass.NASTESTPAGE" name="verifyActlistpage" time="1.309"/>
  <testcase classname="TestClass.LoginPage" name="VerifyLoginPageOFLR" time="28.912"/>
  <testcase classname="TestClass.LR_HomePage" name="verifyHomePageofLR" time="12.453"/>
  <testcase classname="TestClass.NewLrLoginpage" name="VerifyLoginPageOFLR" time="18.89"/>
  <testcase classname="TestClass.LIBIL_LoginTest" name="VerifyLoginPageOFLibil" time="14.461"/>
  <testcase classname="TestClass.LIBIL_Homepage" name="VerifyLoginPageOFLibil" time="14.901"/>
  <testcase classname="TestClass.Lr_ChangePassTest" name="LR_Changepassword" time="52.138">
    <failure type="java.lang.AssertionError" message="Test Failed: Server error on LR changepassword profile page.">
      <![CDATA[java.lang.AssertionError: Test Failed: Server error on LR changepassword profile page.
at TestClass.Lr_ChangePassTest.LR_Changepassword(Lr_ChangePassTest.java:63)
at java.base/java.util.ArrayList.forEach(ArrayList.java:1511)
... Removed 28 stack frames]]>
    </failure>
  </testcase> <!-- LR_Changepassword -->
  <testcase classname="TestClass.LR_EditProfilePageTest" name="verifyLrEditprofile" time="46.175"/>
  <testcase classname="TestClass.searchresultsofLR" name="LRsearchResult" time="40.083"/>
  <testcase classname="TestClass.ActListpageTest" name="verifyActlistpage" time="39.788"/>
  <testcase classname="TestClass.Patrol_LoginTest" name="VerifyLoginPageOF_Patrol" time="20.384"/>
  <testcase classname="TestClass.smokesuiteofmanagecase" name="VerifysmokeTest" time="132.985"/>
  <testcase classname="TestClass.smokesuiteTesst" name="VerifysmokeTest" time="207.688"/>
  <testcase classname="TestClass.VerifyLegiteyeWebsiteDown" name="verifyLegiteyeWebsite" time="1.074"/>
  <testcase classname="TestClass.VerifyLegitquestWebsiteDown" name="checkLRLoginPageForErrors" time="9.215"/>
  <testcase classname="TestClass.VerifyLibilWebsiteDown" name="verifyLibilWeb" time="1.745"/>
  <testcase classname="TestClass.VerifyManagementToolWebsite" name="verifyPatrolWebsite" time="1.477"/>
  <testcase classname="TestClass.ProfileTestsavedsearch" name="verifyprofile" time="44.075">
    <failure type="java.lang.AssertionError" message="Test Case Failed: LR profile page encountered a 500/server error.">
      <![CDATA[java.lang.AssertionError: Test Case Failed: LR profile page encountered a 500/server error.
at PomClass.Profilesavedsearch.testSavedSearchError(Profilesavedsearch.java:56)
at TestClass.ProfileTestsavedsearch.verifyprofile(ProfileTestsavedsearch.java:25)
at java.base/java.util.ArrayList.forEach(ArrayList.java:1511)
... Removed 28 stack frames]]>
    </failure>
  </testcase> <!-- verifyprofile -->
</testsuite> <!-- Test -->
