<?xml version="1.0" encoding="UTF-8"?>
<testng-results ignored="0" total="1" passed="1" failed="0" skipped="0">
  <reporter-output>
  </reporter-output>
  <suite started-at="2025-07-19T12:32:28 IST" name="Default suite" finished-at="2025-07-19T12:34:52 IST" duration-ms="143241">
    <groups>
    </groups>
    <test started-at="2025-07-19T12:32:28 IST" name="Default test" finished-at="2025-07-19T12:34:52 IST" duration-ms="143241">
      <class name="TestClass.smokesuiteofmanagecase">
        <test-method is-config="true" signature="initializeBrowser()[pri:0, instance:TestClass.smokesuiteofmanagecase@12591ac8]" started-at="2025-07-19T12:32:28 IST" name="initializeBrowser" finished-at="2025-07-19T12:32:30 IST" duration-ms="1983" status="PASS">
          <reporter-output>
          </reporter-output>
        </test-method> <!-- initializeBrowser -->
        <test-method is-config="true" signature="clearErrorData()[pri:0, instance:TestClass.smokesuiteofmanagecase@12591ac8]" started-at="2025-07-19T12:32:30 IST" name="clearErrorData" finished-at="2025-07-19T12:32:30 IST" duration-ms="3" status="PASS">
          <reporter-output>
          </reporter-output>
        </test-method> <!-- clearErrorData -->
        <test-method signature="VerifysmokeTest()[pri:0, instance:TestClass.smokesuiteofmanagecase@12591ac8]" started-at="2025-07-19T12:32:30 IST" name="VerifysmokeTest" finished-at="2025-07-19T12:34:51 IST" duration-ms="140878" status="PASS">
          <reporter-output>
          </reporter-output>
        </test-method> <!-- VerifysmokeTest -->
        <test-method is-config="true" signature="cleanUpAfterTest()[pri:0, instance:TestClass.smokesuiteofmanagecase@12591ac8]" started-at="2025-07-19T12:34:51 IST" name="cleanUpAfterTest" finished-at="2025-07-19T12:34:52 IST" duration-ms="260" status="PASS">
          <reporter-output>
          </reporter-output>
        </test-method> <!-- cleanUpAfterTest -->
        <test-method is-config="true" signature="tearDown()[pri:0, instance:TestClass.smokesuiteofmanagecase@12591ac8]" started-at="2025-07-19T12:34:52 IST" name="tearDown" finished-at="2025-07-19T12:34:52 IST" duration-ms="1" status="PASS">
          <reporter-output>
          </reporter-output>
        </test-method> <!-- tearDown -->
      </class> <!-- TestClass.smokesuiteofmanagecase -->
    </test> <!-- Default test -->
  </suite> <!-- Default suite -->
</testng-results>
