<?xml version="1.0" encoding="UTF-8"?>
<testng-results ignored="0" total="1" passed="1" failed="0" skipped="0">
  <reporter-output>
  </reporter-output>
  <suite started-at="2025-04-21T19:51:24 IST" name="Default suite" finished-at="2025-04-21T19:52:30 IST" duration-ms="66358">
    <groups>
    </groups>
    <test started-at="2025-04-21T19:51:24 IST" name="Default test" finished-at="2025-04-21T19:52:30 IST" duration-ms="66358">
      <class name="TestClass.LR_EditProfilePageTest">
        <test-method is-config="true" signature="initializeBrowser()[pri:0, instance:TestClass.LR_EditProfilePageTest@14dd7b39]" started-at="2025-04-21T19:51:24 IST" name="initializeBrowser" finished-at="2025-04-21T19:51:26 IST" duration-ms="1936" status="PASS">
          <reporter-output>
          </reporter-output>
        </test-method> <!-- initializeBrowser -->
        <test-method signature="verifyLrEditprofile()[pri:0, instance:TestClass.LR_EditProfilePageTest@14dd7b39]" started-at="2025-04-21T19:51:26 IST" name="verifyLrEditprofile" finished-at="2025-04-21T19:52:30 IST" duration-ms="63775" status="PASS">
          <reporter-output>
          </reporter-output>
        </test-method> <!-- verifyLrEditprofile -->
        <test-method is-config="true" signature="tearDown()[pri:0, instance:TestClass.LR_EditProfilePageTest@14dd7b39]" started-at="2025-04-21T19:52:30 IST" name="tearDown" finished-at="2025-04-21T19:52:30 IST" duration-ms="434" status="PASS">
          <reporter-output>
          </reporter-output>
        </test-method> <!-- tearDown -->
      </class> <!-- TestClass.LR_EditProfilePageTest -->
    </test> <!-- Default test -->
  </suite> <!-- Default suite -->
</testng-results>
