<?xml version="1.0" encoding="UTF-8"?>
<!-- Generated by org.testng.reporters.JUnitReportReporter -->
<testsuite hostname="DESKTOP-JDQLD7V" failures="0" tests="1" name="TestClass.VerifyLegiteyeWebsiteDown" time="3.105" errors="0" timestamp="2025-01-29T14:10:41 IST" skipped="0">
  <testcase classname="TestClass.VerifyLegiteyeWebsiteDown" name="verifyLegiteyeWebsite" time="3.105">
    <system-out>
      <![CDATA[verifyLegiteyeWebsitescript execution startsWed Jan 29 14:10:18 IST 2025
verifyLegiteyeWebsitescript is passsed]]>
    </system-out>
  </testcase> <!-- verifyLegiteyeWebsite -->
  <system-out>
    <![CDATA[suite execution starts:Wed Jan 29 14:06:25 IST 2025
verifyHomePageofLRscript execution startsWed Jan 29 14:06:28 IST 2025
verifyHomePageofLRscript is passsed
VerifyLoginPageOFLibilscript execution startsWed Jan 29 14:06:36 IST 2025
VerifyLoginPageOFLibilscript is passsed
VerifyLoginPageOF_Patrolscript execution startsWed Jan 29 14:06:56 IST 2025
VerifyLoginPageOF_Patrolscript is passsed
LRsearchResultscript execution startsWed Jan 29 14:07:10 IST 2025
LRsearchResultscript is passsed
NewActListscript execution startsWed Jan 29 14:08:08 IST 2025
NewActListscript is passsed
LR_EditProfilescript execution startsWed Jan 29 14:08:58 IST 2025
LR_EditProfilescript is failed
screenshot has taken
LR_Changepasswordscript execution startsWed Jan 29 14:09:22 IST 2025
LR_Changepasswordscript is failed
screenshot has taken
LoginHomePageOfPatrolscript execution startsWed Jan 29 14:09:48 IST 2025
LoginHomePageOfPatrolscript is passsed
verifyLegiteyeWebsitescript execution startsWed Jan 29 14:10:18 IST 2025
verifyLegiteyeWebsitescript is passsed
verifyLRwebsitescript execution startsWed Jan 29 14:10:22 IST 2025
verifyLRwebsitescript is passsed
verifyLibilWebscript execution startsWed Jan 29 14:10:30 IST 2025
verifyLibilWebscript is passsed
verifyPatrolWebsitescript execution startsWed Jan 29 14:10:36 IST 2025
verifyPatrolWebsitescript is passsed]]>
  </system-out>
</testsuite> <!-- TestClass.VerifyLegiteyeWebsiteDown -->
